<?xml version="1.0" encoding="UTF-8"?>
<!-- Generated by org.testng.reporters.JUnitReportReporter -->
<testsuite skipped="0" hostname="sinl112131m" name="com.qa.automation.makemytrip.MakeMyTripTest" tests="4" failures="0" timestamp="14 Apr 2021 09:52:06 GMT" time="126.238" errors="0">
  <testcase name="getCheapestIndigoNonStopFlightsOnNexWeek" time="28.309" classname="com.qa.automation.makemytrip.MakeMyTripTest"/>
  <testcase name="getCheapestIndigoNonStopFlightsOnNexWeek" time="29.733" classname="com.qa.automation.makemytrip.MakeMyTripTest"/>
  <testcase name="getFlightsFromDealsPage" time="39.764" classname="com.qa.automation.makemytrip.MakeMyTripTest"/>
  <testcase name="getFlightsFromDealsPage" time="28.432" classname="com.qa.automation.makemytrip.MakeMyTripTest"/>
</testsuite> <!-- com.qa.automation.makemytrip.MakeMyTripTest -->
