<?xml version="1.0" encoding="UTF-8"?>
<!-- Generated by org.testng.reporters.JUnitReportReporter -->
<testsuite skipped="0" hostname="sinl112131m" name="com.qa.automation.ecommerce.EcommerceTest" tests="4" failures="0" timestamp="14 Apr 2021 09:52:06 GMT" time="103.443" errors="0">
  <testcase name="signUp" time="21.197" classname="com.qa.automation.ecommerce.EcommerceTest"/>
  <testcase name="signUp" time="20.077" classname="com.qa.automation.ecommerce.EcommerceTest"/>
  <testcase name="purchaseAnItem" time="31.436" classname="com.qa.automation.ecommerce.EcommerceTest"/>
  <testcase name="purchaseAnItem" time="30.733" classname="com.qa.automation.ecommerce.EcommerceTest"/>
</testsuite> <!-- com.qa.automation.ecommerce.EcommerceTest -->
